
*** Running vivado
    with args -log div_gen_0.vds -m64 -product Vivado -mode batch -messageDb vivado.pb -notrace -source div_gen_0.tcl


****** Vivado v2018.2 (64-bit)
  **** SW Build 2258646 on Thu Jun 14 20:02:38 MDT 2018
  **** IP Build 2256618 on Thu Jun 14 22:10:49 MDT 2018
    ** Copyright 1986-2018 Xilinx, Inc. All Rights Reserved.

source div_gen_0.tcl -notrace
Command: synth_design -top div_gen_0 -part xc7z020clg484-1 -mode out_of_context
Starting synth_design
Attempting to get a license for feature 'Synthesis' and/or device 'xc7z020'
INFO: [Common 17-349] Got license for feature 'Synthesis' and/or device 'xc7z020'
INFO: Launching helper process for spawning children vivado processes
INFO: Helper process launched with PID 124684 
---------------------------------------------------------------------------------
Starting RTL Elaboration : Time (s): cpu = 00:00:04 ; elapsed = 00:00:16 . Memory (MB): peak = 1430.961 ; gain = 82.891 ; free physical = 731128 ; free virtual = 1126005
---------------------------------------------------------------------------------
INFO: [Synth 8-638] synthesizing module 'div_gen_0' [/home/in_ankith/project/project_supreme_phase3/project_supreme_phase3.srcs/sources_1/ip/div_gen_0/synth/div_gen_0.vhd:73]
	Parameter C_XDEVICEFAMILY bound to: zynq - type: string 
	Parameter C_HAS_ARESETN bound to: 1 - type: integer 
	Parameter C_HAS_ACLKEN bound to: 1 - type: integer 
	Parameter C_LATENCY bound to: 20 - type: integer 
	Parameter ALGORITHM_TYPE bound to: 1 - type: integer 
	Parameter DIVISOR_WIDTH bound to: 11 - type: integer 
	Parameter DIVIDEND_WIDTH bound to: 16 - type: integer 
	Parameter SIGNED_B bound to: 1 - type: integer 
	Parameter DIVCLK_SEL bound to: 1 - type: integer 
	Parameter FRACTIONAL_B bound to: 0 - type: integer 
	Parameter FRACTIONAL_WIDTH bound to: 11 - type: integer 
	Parameter C_HAS_DIV_BY_ZERO bound to: 0 - type: integer 
	Parameter C_THROTTLE_SCHEME bound to: 3 - type: integer 
	Parameter C_TLAST_RESOLUTION bound to: 0 - type: integer 
	Parameter C_HAS_S_AXIS_DIVISOR_TUSER bound to: 0 - type: integer 
	Parameter C_HAS_S_AXIS_DIVISOR_TLAST bound to: 0 - type: integer 
	Parameter C_S_AXIS_DIVISOR_TDATA_WIDTH bound to: 16 - type: integer 
	Parameter C_S_AXIS_DIVISOR_TUSER_WIDTH bound to: 1 - type: integer 
	Parameter C_HAS_S_AXIS_DIVIDEND_TUSER bound to: 0 - type: integer 
	Parameter C_HAS_S_AXIS_DIVIDEND_TLAST bound to: 0 - type: integer 
	Parameter C_S_AXIS_DIVIDEND_TDATA_WIDTH bound to: 16 - type: integer 
	Parameter C_S_AXIS_DIVIDEND_TUSER_WIDTH bound to: 1 - type: integer 
	Parameter C_M_AXIS_DOUT_TDATA_WIDTH bound to: 32 - type: integer 
	Parameter C_M_AXIS_DOUT_TUSER_WIDTH bound to: 1 - type: integer 
INFO: [Synth 8-3491] module 'div_gen_v5_1_13' declared at '/home/in_ankith/project/project_supreme_phase3/project_supreme_phase3.srcs/sources_1/ip/div_gen_0/hdl/div_gen_v5_1_vh_rfs.vhd:13849' bound to instance 'U0' of component 'div_gen_v5_1_13' [/home/in_ankith/project/project_supreme_phase3/project_supreme_phase3.srcs/sources_1/ip/div_gen_0/synth/div_gen_0.vhd:149]
INFO: [Synth 8-256] done synthesizing module 'div_gen_0' (12#1) [/home/in_ankith/project/project_supreme_phase3/project_supreme_phase3.srcs/sources_1/ip/div_gen_0/synth/div_gen_0.vhd:73]
WARNING: [Synth 8-3331] design c_twos_comp_viv__parameterized2 has unconnected port aclr
WARNING: [Synth 8-3331] design c_twos_comp_viv__parameterized2 has unconnected port aset
WARNING: [Synth 8-3331] design c_twos_comp_viv__parameterized2 has unconnected port ainit
WARNING: [Synth 8-3331] design c_twos_comp_viv__parameterized2 has unconnected port sset
WARNING: [Synth 8-3331] design c_twos_comp_viv__parameterized2 has unconnected port sinit
WARNING: [Synth 8-3331] design xbip_pipe_v3_0_5_viv__parameterized3 has unconnected port SSET
WARNING: [Synth 8-3331] design xbip_pipe_v3_0_5_viv__parameterized3 has unconnected port SINIT
WARNING: [Synth 8-3331] design c_twos_comp_viv__parameterized1 has unconnected port aclr
WARNING: [Synth 8-3331] design c_twos_comp_viv__parameterized1 has unconnected port aset
WARNING: [Synth 8-3331] design c_twos_comp_viv__parameterized1 has unconnected port ainit
WARNING: [Synth 8-3331] design c_twos_comp_viv__parameterized1 has unconnected port sset
WARNING: [Synth 8-3331] design c_twos_comp_viv__parameterized1 has unconnected port sinit
WARNING: [Synth 8-3331] design xbip_pipe_v3_0_5_viv__parameterized68 has unconnected port SSET
WARNING: [Synth 8-3331] design xbip_pipe_v3_0_5_viv__parameterized68 has unconnected port SINIT
WARNING: [Synth 8-3331] design xbip_pipe_v3_0_5_viv__parameterized70 has unconnected port SCLR
WARNING: [Synth 8-3331] design xbip_pipe_v3_0_5_viv__parameterized70 has unconnected port SINIT
WARNING: [Synth 8-3331] design xbip_pipe_v3_0_5_viv__parameterized66 has unconnected port SCLR
WARNING: [Synth 8-3331] design xbip_pipe_v3_0_5_viv__parameterized66 has unconnected port SINIT
WARNING: [Synth 8-3331] design xbip_pipe_v3_0_5_viv__parameterized62 has unconnected port SCLR
WARNING: [Synth 8-3331] design xbip_pipe_v3_0_5_viv__parameterized62 has unconnected port SINIT
WARNING: [Synth 8-3331] design xbip_pipe_v3_0_5_viv__parameterized11 has unconnected port SCLR
WARNING: [Synth 8-3331] design xbip_pipe_v3_0_5_viv__parameterized11 has unconnected port SINIT
WARNING: [Synth 8-3331] design xbip_pipe_v3_0_5_viv__parameterized55 has unconnected port SCLR
WARNING: [Synth 8-3331] design xbip_pipe_v3_0_5_viv__parameterized55 has unconnected port SINIT
WARNING: [Synth 8-3331] design xbip_pipe_v3_0_5_viv__parameterized51 has unconnected port SCLR
WARNING: [Synth 8-3331] design xbip_pipe_v3_0_5_viv__parameterized51 has unconnected port SINIT
WARNING: [Synth 8-3331] design xbip_pipe_v3_0_5_viv__parameterized47 has unconnected port SCLR
WARNING: [Synth 8-3331] design xbip_pipe_v3_0_5_viv__parameterized47 has unconnected port SINIT
WARNING: [Synth 8-3331] design xbip_pipe_v3_0_5_viv__parameterized43 has unconnected port SCLR
WARNING: [Synth 8-3331] design xbip_pipe_v3_0_5_viv__parameterized43 has unconnected port SINIT
WARNING: [Synth 8-3331] design xbip_pipe_v3_0_5_viv__parameterized39 has unconnected port SCLR
WARNING: [Synth 8-3331] design xbip_pipe_v3_0_5_viv__parameterized39 has unconnected port SINIT
WARNING: [Synth 8-3331] design xbip_pipe_v3_0_5_viv__parameterized35 has unconnected port SCLR
WARNING: [Synth 8-3331] design xbip_pipe_v3_0_5_viv__parameterized35 has unconnected port SINIT
WARNING: [Synth 8-3331] design xbip_pipe_v3_0_5_viv__parameterized31 has unconnected port SCLR
WARNING: [Synth 8-3331] design xbip_pipe_v3_0_5_viv__parameterized31 has unconnected port SINIT
WARNING: [Synth 8-3331] design xbip_pipe_v3_0_5_viv__parameterized27 has unconnected port SCLR
WARNING: [Synth 8-3331] design xbip_pipe_v3_0_5_viv__parameterized27 has unconnected port SINIT
WARNING: [Synth 8-3331] design xbip_pipe_v3_0_5_viv__parameterized23 has unconnected port SCLR
WARNING: [Synth 8-3331] design xbip_pipe_v3_0_5_viv__parameterized23 has unconnected port SINIT
WARNING: [Synth 8-3331] design xbip_pipe_v3_0_5_viv__parameterized19 has unconnected port SCLR
WARNING: [Synth 8-3331] design xbip_pipe_v3_0_5_viv__parameterized19 has unconnected port SINIT
WARNING: [Synth 8-3331] design xbip_pipe_v3_0_5_viv__parameterized15 has unconnected port SCLR
WARNING: [Synth 8-3331] design xbip_pipe_v3_0_5_viv__parameterized15 has unconnected port SINIT
WARNING: [Synth 8-3331] design xbip_pipe_v3_0_5_viv__parameterized9 has unconnected port SCLR
WARNING: [Synth 8-3331] design xbip_pipe_v3_0_5_viv__parameterized9 has unconnected port SINIT
WARNING: [Synth 8-3331] design c_addsub_lut6 has unconnected port c_out
WARNING: [Synth 8-3331] design c_addsub_lut6 has unconnected port bypass
WARNING: [Synth 8-3331] design c_addsub_lut6 has unconnected port aclr
WARNING: [Synth 8-3331] design c_addsub_lut6 has unconnected port aset
WARNING: [Synth 8-3331] design c_addsub_lut6 has unconnected port ainit
WARNING: [Synth 8-3331] design c_addsub_lut6 has unconnected port sclr
WARNING: [Synth 8-3331] design c_addsub_lut6 has unconnected port sinit
WARNING: [Synth 8-3331] design c_addsub_viv has unconnected port b_in
WARNING: [Synth 8-3331] design c_addsub_viv has unconnected port a_signed
WARNING: [Synth 8-3331] design c_addsub_viv has unconnected port b_signed
WARNING: [Synth 8-3331] design xbip_pipe_v3_0_5_viv__parameterized7 has unconnected port SCLR
WARNING: [Synth 8-3331] design xbip_pipe_v3_0_5_viv__parameterized7 has unconnected port SSET
WARNING: [Synth 8-3331] design xbip_pipe_v3_0_5_viv__parameterized64 has unconnected port SSET
WARNING: [Synth 8-3331] design xbip_pipe_v3_0_5_viv__parameterized64 has unconnected port SINIT
WARNING: [Synth 8-3331] design xbip_pipe_v3_0_5_viv__parameterized60 has unconnected port SSET
WARNING: [Synth 8-3331] design xbip_pipe_v3_0_5_viv__parameterized60 has unconnected port SINIT
WARNING: [Synth 8-3331] design xbip_pipe_v3_0_5_viv__parameterized57 has unconnected port SSET
WARNING: [Synth 8-3331] design xbip_pipe_v3_0_5_viv__parameterized57 has unconnected port SINIT
WARNING: [Synth 8-3331] design xbip_pipe_v3_0_5_viv__parameterized53 has unconnected port SSET
WARNING: [Synth 8-3331] design xbip_pipe_v3_0_5_viv__parameterized53 has unconnected port SINIT
WARNING: [Synth 8-3331] design xbip_pipe_v3_0_5_viv__parameterized49 has unconnected port SSET
WARNING: [Synth 8-3331] design xbip_pipe_v3_0_5_viv__parameterized49 has unconnected port SINIT
WARNING: [Synth 8-3331] design xbip_pipe_v3_0_5_viv__parameterized45 has unconnected port SSET
WARNING: [Synth 8-3331] design xbip_pipe_v3_0_5_viv__parameterized45 has unconnected port SINIT
WARNING: [Synth 8-3331] design xbip_pipe_v3_0_5_viv__parameterized41 has unconnected port SSET
WARNING: [Synth 8-3331] design xbip_pipe_v3_0_5_viv__parameterized41 has unconnected port SINIT
WARNING: [Synth 8-3331] design xbip_pipe_v3_0_5_viv__parameterized37 has unconnected port SSET
WARNING: [Synth 8-3331] design xbip_pipe_v3_0_5_viv__parameterized37 has unconnected port SINIT
WARNING: [Synth 8-3331] design xbip_pipe_v3_0_5_viv__parameterized33 has unconnected port SSET
WARNING: [Synth 8-3331] design xbip_pipe_v3_0_5_viv__parameterized33 has unconnected port SINIT
WARNING: [Synth 8-3331] design xbip_pipe_v3_0_5_viv__parameterized29 has unconnected port SSET
WARNING: [Synth 8-3331] design xbip_pipe_v3_0_5_viv__parameterized29 has unconnected port SINIT
WARNING: [Synth 8-3331] design xbip_pipe_v3_0_5_viv__parameterized25 has unconnected port SSET
WARNING: [Synth 8-3331] design xbip_pipe_v3_0_5_viv__parameterized25 has unconnected port SINIT
WARNING: [Synth 8-3331] design xbip_pipe_v3_0_5_viv__parameterized21 has unconnected port SSET
WARNING: [Synth 8-3331] design xbip_pipe_v3_0_5_viv__parameterized21 has unconnected port SINIT
WARNING: [Synth 8-3331] design xbip_pipe_v3_0_5_viv__parameterized17 has unconnected port SSET
WARNING: [Synth 8-3331] design xbip_pipe_v3_0_5_viv__parameterized17 has unconnected port SINIT
WARNING: [Synth 8-3331] design xbip_pipe_v3_0_5_viv__parameterized13 has unconnected port SSET
WARNING: [Synth 8-3331] design xbip_pipe_v3_0_5_viv__parameterized13 has unconnected port SINIT
WARNING: [Synth 8-3331] design xbip_pipe_v3_0_5_viv__parameterized5 has unconnected port SSET
WARNING: [Synth 8-3331] design xbip_pipe_v3_0_5_viv__parameterized5 has unconnected port SINIT
WARNING: [Synth 8-3331] design c_addsub_lut6__parameterized1 has unconnected port c_out
WARNING: [Synth 8-3331] design c_addsub_lut6__parameterized1 has unconnected port aclr
WARNING: [Synth 8-3331] design c_addsub_lut6__parameterized1 has unconnected port aset
WARNING: [Synth 8-3331] design c_addsub_lut6__parameterized1 has unconnected port ainit
WARNING: [Synth 8-3331] design c_addsub_lut6__parameterized1 has unconnected port sset
WARNING: [Synth 8-3331] design c_addsub_lut6__parameterized1 has unconnected port sinit
WARNING: [Synth 8-3331] design c_addsub_viv__parameterized0 has unconnected port b_in
WARNING: [Synth 8-3331] design c_addsub_viv__parameterized0 has unconnected port a_signed
WARNING: [Synth 8-3331] design c_addsub_viv__parameterized0 has unconnected port b_signed
WARNING: [Synth 8-3331] design dividervdc_v has unconnected port rdy
WARNING: [Synth 8-3331] design dividervdc_v has unconnected port nd
WARNING: [Synth 8-3331] design dividervdc_v has unconnected port aclr
INFO: [Common 17-14] Message 'Synth 8-3331' appears 100 times and further instances of the messages will be disabled. Use the Tcl command set_msg_config to change the current settings.
---------------------------------------------------------------------------------
Finished RTL Elaboration : Time (s): cpu = 00:00:09 ; elapsed = 00:00:33 . Memory (MB): peak = 1519.590 ; gain = 171.520 ; free physical = 731082 ; free virtual = 1125959
---------------------------------------------------------------------------------

Report Check Netlist: 
+------+------------------+-------+---------+-------+------------------+
|      |Item              |Errors |Warnings |Status |Description       |
+------+------------------+-------+---------+-------+------------------+
|1     |multi_driven_nets |      0|        0|Passed |Multi driven nets |
+------+------------------+-------+---------+-------+------------------+
---------------------------------------------------------------------------------
Start Handling Custom Attributes
---------------------------------------------------------------------------------
---------------------------------------------------------------------------------
Finished Handling Custom Attributes : Time (s): cpu = 00:00:09 ; elapsed = 00:00:33 . Memory (MB): peak = 1519.590 ; gain = 171.520 ; free physical = 731080 ; free virtual = 1125957
---------------------------------------------------------------------------------
---------------------------------------------------------------------------------
Finished RTL Optimization Phase 1 : Time (s): cpu = 00:00:09 ; elapsed = 00:00:33 . Memory (MB): peak = 1519.590 ; gain = 171.520 ; free physical = 731080 ; free virtual = 1125957
---------------------------------------------------------------------------------
INFO: [Netlist 29-17] Analyzing 408 Unisim elements for replacement
INFO: [Netlist 29-28] Unisim Transformation completed in 0 CPU seconds
INFO: [Device 21-403] Loading part xc7z020clg484-1
INFO: [Project 1-570] Preparing netlist for logic optimization

Processing XDC Constraints
Initializing timing engine
Parsing XDC File [/home/in_ankith/project/project_supreme_phase3/project_supreme_phase3.srcs/sources_1/ip/div_gen_0/div_gen_0_ooc.xdc] for cell 'U0'
Finished Parsing XDC File [/home/in_ankith/project/project_supreme_phase3/project_supreme_phase3.srcs/sources_1/ip/div_gen_0/div_gen_0_ooc.xdc] for cell 'U0'
Parsing XDC File [/home/in_ankith/project/project_supreme_phase3/project_supreme_phase3.runs/div_gen_0_synth_1/dont_touch.xdc]
Finished Parsing XDC File [/home/in_ankith/project/project_supreme_phase3/project_supreme_phase3.runs/div_gen_0_synth_1/dont_touch.xdc]
Completed Processing XDC Constraints

INFO: [Project 1-111] Unisim Transformation Summary:
No Unisim elements were transformed.

Constraint Validation Runtime : Time (s): cpu = 00:00:00.09 ; elapsed = 00:00:00.06 . Memory (MB): peak = 1860.336 ; gain = 0.004 ; free physical = 730805 ; free virtual = 1125691
---------------------------------------------------------------------------------
Finished Constraint Validation : Time (s): cpu = 00:00:22 ; elapsed = 00:01:32 . Memory (MB): peak = 1860.336 ; gain = 512.266 ; free physical = 730880 ; free virtual = 1125769
---------------------------------------------------------------------------------
---------------------------------------------------------------------------------
Start Loading Part and Timing Information
---------------------------------------------------------------------------------
Loading part: xc7z020clg484-1
---------------------------------------------------------------------------------
Finished Loading Part and Timing Information : Time (s): cpu = 00:00:22 ; elapsed = 00:01:32 . Memory (MB): peak = 1860.336 ; gain = 512.266 ; free physical = 730880 ; free virtual = 1125769
---------------------------------------------------------------------------------
---------------------------------------------------------------------------------
Start Applying 'set_property' XDC Constraints
---------------------------------------------------------------------------------
Applied set_property DONT_TOUCH = true for U0. (constraint file  /home/in_ankith/project/project_supreme_phase3/project_supreme_phase3.runs/div_gen_0_synth_1/dont_touch.xdc, line 9).
---------------------------------------------------------------------------------
Finished applying 'set_property' XDC Constraints : Time (s): cpu = 00:00:22 ; elapsed = 00:01:32 . Memory (MB): peak = 1860.336 ; gain = 512.266 ; free physical = 730882 ; free virtual = 1125772
---------------------------------------------------------------------------------
---------------------------------------------------------------------------------
Finished RTL Optimization Phase 2 : Time (s): cpu = 00:00:23 ; elapsed = 00:01:32 . Memory (MB): peak = 1860.336 ; gain = 512.266 ; free physical = 730870 ; free virtual = 1125760
---------------------------------------------------------------------------------

Report RTL Partitions: 
+-+--------------+------------+----------+
| |RTL Partition |Replication |Instances |
+-+--------------+------------+----------+
+-+--------------+------------+----------+
---------------------------------------------------------------------------------
Start RTL Component Statistics 
---------------------------------------------------------------------------------
---------------------------------------------------------------------------------
Finished RTL Component Statistics 
---------------------------------------------------------------------------------
---------------------------------------------------------------------------------
Start RTL Hierarchical Component Statistics 
---------------------------------------------------------------------------------
---------------------------------------------------------------------------------
Finished RTL Hierarchical Component Statistics
---------------------------------------------------------------------------------
---------------------------------------------------------------------------------
Start Part Resource Summary
---------------------------------------------------------------------------------
Part Resources:
DSPs: 220 (col length:60)
BRAMs: 280 (col length: RAMB18 60 RAMB36 30)
---------------------------------------------------------------------------------
Finished Part Resource Summary
---------------------------------------------------------------------------------
---------------------------------------------------------------------------------
Start Cross Boundary and Area Optimization
---------------------------------------------------------------------------------
Warning: Parallel synthesis criteria is not met 
INFO: [Synth 8-3332] Sequential element (i_nonzero_fract.i_synth/i_algo_r2_or_lutmult.i_nonzero_fract.i_sdivider/sgned_input.cmp_dividend/twos_comp/i_reg_arch_simp.i_q.q_i_reg[16]) is unused and will be removed from module div_gen_v5_1_13_viv.
INFO: [Synth 8-3332] Sequential element (i_nonzero_fract.i_synth/i_algo_r2_or_lutmult.i_nonzero_fract.i_sdivider/sgned_input.cmp_divisor/twos_comp/i_reg_arch_simp.i_q.q_i_reg[11]) is unused and will be removed from module div_gen_v5_1_13_viv.
INFO: [Synth 8-3332] Sequential element (i_nonzero_fract.i_synth/i_algo_r2_or_lutmult.i_nonzero_fract.i_sdivider/signed_output.remd_not_fract.cmp_remd/twos_comp/i_reg_arch_simp.i_q.q_i_reg[12]) is unused and will be removed from module div_gen_v5_1_13_viv.
INFO: [Synth 8-3332] Sequential element (i_nonzero_fract.i_synth/i_algo_r2_or_lutmult.i_nonzero_fract.i_sdivider/signed_output.remd_not_fract.cmp_remd/twos_comp/i_reg_arch_simp.i_q.q_i_reg[11]) is unused and will be removed from module div_gen_v5_1_13_viv.
INFO: [Synth 8-3332] Sequential element (i_nonzero_fract.i_synth/i_algo_r2_or_lutmult.i_nonzero_fract.i_sdivider/signed_output.cmp_quot/twos_comp/i_reg_arch_simp.i_q.q_i_reg[17]) is unused and will be removed from module div_gen_v5_1_13_viv.
INFO: [Synth 8-3332] Sequential element (i_nonzero_fract.i_synth/i_algo_r2_or_lutmult.i_nonzero_fract.i_sdivider/signed_output.cmp_quot/twos_comp/i_reg_arch_simp.i_q.q_i_reg[16]) is unused and will be removed from module div_gen_v5_1_13_viv.
---------------------------------------------------------------------------------
Finished Cross Boundary and Area Optimization : Time (s): cpu = 00:00:23 ; elapsed = 00:01:33 . Memory (MB): peak = 1860.336 ; gain = 512.266 ; free physical = 730856 ; free virtual = 1125748
---------------------------------------------------------------------------------

Report RTL Partitions: 
+-+--------------+------------+----------+
| |RTL Partition |Replication |Instances |
+-+--------------+------------+----------+
+-+--------------+------------+----------+
---------------------------------------------------------------------------------
Start Applying XDC Timing Constraints
---------------------------------------------------------------------------------
---------------------------------------------------------------------------------
Finished Applying XDC Timing Constraints : Time (s): cpu = 00:00:30 ; elapsed = 00:01:48 . Memory (MB): peak = 1860.336 ; gain = 512.266 ; free physical = 730845 ; free virtual = 1125737
---------------------------------------------------------------------------------
---------------------------------------------------------------------------------
Start Timing Optimization
---------------------------------------------------------------------------------
---------------------------------------------------------------------------------
Finished Timing Optimization : Time (s): cpu = 00:00:30 ; elapsed = 00:01:48 . Memory (MB): peak = 1860.336 ; gain = 512.266 ; free physical = 730843 ; free virtual = 1125735
---------------------------------------------------------------------------------

Report RTL Partitions: 
+-+--------------+------------+----------+
| |RTL Partition |Replication |Instances |
+-+--------------+------------+----------+
+-+--------------+------------+----------+
---------------------------------------------------------------------------------
Start Technology Mapping
---------------------------------------------------------------------------------
---------------------------------------------------------------------------------
Finished Technology Mapping : Time (s): cpu = 00:00:30 ; elapsed = 00:01:48 . Memory (MB): peak = 1860.336 ; gain = 512.266 ; free physical = 730842 ; free virtual = 1125734
---------------------------------------------------------------------------------

Report RTL Partitions: 
+-+--------------+------------+----------+
| |RTL Partition |Replication |Instances |
+-+--------------+------------+----------+
+-+--------------+------------+----------+
---------------------------------------------------------------------------------
Start IO Insertion
---------------------------------------------------------------------------------
---------------------------------------------------------------------------------
Start Flattening Before IO Insertion
---------------------------------------------------------------------------------
---------------------------------------------------------------------------------
Finished Flattening Before IO Insertion
---------------------------------------------------------------------------------
---------------------------------------------------------------------------------
Start Final Netlist Cleanup
---------------------------------------------------------------------------------
---------------------------------------------------------------------------------
Finished Final Netlist Cleanup
---------------------------------------------------------------------------------
---------------------------------------------------------------------------------
Finished IO Insertion : Time (s): cpu = 00:00:31 ; elapsed = 00:01:49 . Memory (MB): peak = 1860.336 ; gain = 512.266 ; free physical = 730841 ; free virtual = 1125733
---------------------------------------------------------------------------------

Report Check Netlist: 
+------+------------------+-------+---------+-------+------------------+
|      |Item              |Errors |Warnings |Status |Description       |
+------+------------------+-------+---------+-------+------------------+
|1     |multi_driven_nets |      0|        0|Passed |Multi driven nets |
+------+------------------+-------+---------+-------+------------------+
---------------------------------------------------------------------------------
Start Renaming Generated Instances
---------------------------------------------------------------------------------
---------------------------------------------------------------------------------
Finished Renaming Generated Instances : Time (s): cpu = 00:00:31 ; elapsed = 00:01:49 . Memory (MB): peak = 1860.336 ; gain = 512.266 ; free physical = 730841 ; free virtual = 1125733
---------------------------------------------------------------------------------

Report RTL Partitions: 
+-+--------------+------------+----------+
| |RTL Partition |Replication |Instances |
+-+--------------+------------+----------+
+-+--------------+------------+----------+
---------------------------------------------------------------------------------
Start Rebuilding User Hierarchy
---------------------------------------------------------------------------------
---------------------------------------------------------------------------------
Finished Rebuilding User Hierarchy : Time (s): cpu = 00:00:31 ; elapsed = 00:01:49 . Memory (MB): peak = 1860.336 ; gain = 512.266 ; free physical = 730841 ; free virtual = 1125733
---------------------------------------------------------------------------------
---------------------------------------------------------------------------------
Start Renaming Generated Ports
---------------------------------------------------------------------------------
---------------------------------------------------------------------------------
Finished Renaming Generated Ports : Time (s): cpu = 00:00:31 ; elapsed = 00:01:49 . Memory (MB): peak = 1860.336 ; gain = 512.266 ; free physical = 730841 ; free virtual = 1125733
---------------------------------------------------------------------------------
---------------------------------------------------------------------------------
Start Handling Custom Attributes
---------------------------------------------------------------------------------
---------------------------------------------------------------------------------
Finished Handling Custom Attributes : Time (s): cpu = 00:00:31 ; elapsed = 00:01:49 . Memory (MB): peak = 1860.336 ; gain = 512.266 ; free physical = 730841 ; free virtual = 1125733
---------------------------------------------------------------------------------
---------------------------------------------------------------------------------
Start Renaming Generated Nets
---------------------------------------------------------------------------------
---------------------------------------------------------------------------------
Finished Renaming Generated Nets : Time (s): cpu = 00:00:31 ; elapsed = 00:01:49 . Memory (MB): peak = 1860.336 ; gain = 512.266 ; free physical = 730841 ; free virtual = 1125733
---------------------------------------------------------------------------------
---------------------------------------------------------------------------------
Start Writing Synthesis Report
---------------------------------------------------------------------------------

Report BlackBoxes: 
+-+--------------+----------+
| |BlackBox name |Instances |
+-+--------------+----------+
+-+--------------+----------+

Report Cell Usage: 
+------+--------+------+
|      |Cell    |Count |
+------+--------+------+
|1     |CARRY4  |    14|
|2     |LUT1    |    46|
|3     |LUT2    |    82|
|4     |LUT3    |   192|
|5     |MUXCY   |   204|
|6     |SRL16E  |     2|
|7     |SRLC32E |     1|
|8     |XORCY   |   204|
|9     |FDRE    |   418|
|10    |FDSE    |   362|
+------+--------+------+
---------------------------------------------------------------------------------
Finished Writing Synthesis Report : Time (s): cpu = 00:00:31 ; elapsed = 00:01:49 . Memory (MB): peak = 1860.336 ; gain = 512.266 ; free physical = 730841 ; free virtual = 1125733
---------------------------------------------------------------------------------
Synthesis finished with 0 errors, 0 critical warnings and 10 warnings.
Synthesis Optimization Runtime : Time (s): cpu = 00:00:20 ; elapsed = 00:00:54 . Memory (MB): peak = 1860.336 ; gain = 171.520 ; free physical = 730899 ; free virtual = 1125791
Synthesis Optimization Complete : Time (s): cpu = 00:00:31 ; elapsed = 00:01:49 . Memory (MB): peak = 1860.336 ; gain = 512.266 ; free physical = 730900 ; free virtual = 1125792
INFO: [Project 1-571] Translating synthesized netlist
INFO: [Netlist 29-17] Analyzing 422 Unisim elements for replacement
INFO: [Netlist 29-28] Unisim Transformation completed in 0 CPU seconds
INFO: [Project 1-570] Preparing netlist for logic optimization
INFO: [Opt 31-138] Pushed 0 inverter(s) to 0 load pin(s).
INFO: [Project 1-111] Unisim Transformation Summary:
  A total of 51 instances were transformed.
  (MUXCY,XORCY) => CARRY4: 51 instances

INFO: [Common 17-83] Releasing license: Synthesis
23 Infos, 100 Warnings, 0 Critical Warnings and 0 Errors encountered.
synth_design completed successfully
synth_design: Time (s): cpu = 00:00:33 ; elapsed = 00:01:50 . Memory (MB): peak = 1860.336 ; gain = 523.828 ; free physical = 730892 ; free virtual = 1125784
WARNING: [Constraints 18-5210] No constraint will be written out.
INFO: [Common 17-1381] The checkpoint '/home/in_ankith/project/project_supreme_phase3/project_supreme_phase3.runs/div_gen_0_synth_1/div_gen_0.dcp' has been generated.
